[01m[K/home/worm7/worms_mech_ws/src/image_tools/src/cam2image.cpp:[m[K In constructor â€˜[01m[Kimage_tools::Cam2Image::Cam2Image(const rclcpp::NodeOptions&)[m[Kâ€™:
[01m[K/home/worm7/worms_mech_ws/src/image_tools/src/cam2image.cpp:57:9:[m[K [01;31m[Kerror: [m[Kâ€˜[01m[Khelp[m[Kâ€™ was not declared in this scope
   57 |     if ([01;31m[Khelp[m[K(options.arguments())) {
      |         [01;31m[K^~~~[m[K
[01m[K/home/worm7/worms_mech_ws/src/image_tools/src/cam2image.cpp:[m[K In function â€˜[01m[Kint main(int, char**)[m[Kâ€™:
[01m[K/home/worm7/worms_mech_ws/src/image_tools/src/cam2image.cpp:285:33:[m[K [01;31m[Kerror: [m[Kâ€˜[01m[KCam2Image[m[Kâ€™ was not declared in this scope; did you mean â€˜[01m[Kimage_tools::Cam2Image[m[Kâ€™?
  285 |   rclcpp::spin(std::make_shared<[01;31m[KCam2Image[m[K>());
      |                                 [01;31m[K^~~~~~~~~[m[K
      |                                 [32m[Kimage_tools::Cam2Image[m[K
[01m[K/home/worm7/worms_mech_ws/src/image_tools/src/cam2image.cpp:44:7:[m[K [01;36m[Knote: [m[Kâ€˜[01m[Kimage_tools::Cam2Image[m[Kâ€™ declared here
   44 | class [01;36m[KCam2Image[m[K : public rclcpp::Node
      |       [01;36m[K^~~~~~~~~[m[K
[01m[K/home/worm7/worms_mech_ws/src/image_tools/src/cam2image.cpp:285:43:[m[K [01;31m[Kerror: [m[Kno matching function for call to â€˜[01m[Kmake_shared<<expression error> >()[m[Kâ€™
  285 |   rclcpp::spin([01;31m[Kstd::make_shared<Cam2Image>()[m[K);
      |                [01;31m[K~~~~~~~~~~~~~~~~~~~~~~~~~~~^~[m[K
In file included from [01m[K/usr/include/c++/11/memory:77[m[K,
                 from [01m[K/home/worm7/worms_mech_ws/src/image_tools/src/cam2image.cpp:16[m[K:
[01m[K/usr/include/c++/11/bits/shared_ptr.h:875:5:[m[K [01;36m[Knote: [m[Kcandidate: â€˜[01m[Ktemplate<class _Tp, class ... _Args> std::shared_ptr<_Tp> std::make_shared(_Args&& ...)[m[Kâ€™
  875 |     [01;36m[Kmake_shared[m[K(_Args&&... __args)
      |     [01;36m[K^~~~~~~~~~~[m[K
[01m[K/usr/include/c++/11/bits/shared_ptr.h:875:5:[m[K [01;36m[Knote: [m[K  template argument deduction/substitution failed:
[01m[K/home/worm7/worms_mech_ws/src/image_tools/src/cam2image.cpp:285:43:[m[K [01;31m[Kerror: [m[Ktemplate argument 1 is invalid
  285 |   rclcpp::spin([01;31m[Kstd::make_shared<Cam2Image>()[m[K);
      |                [01;31m[K~~~~~~~~~~~~~~~~~~~~~~~~~~~^~[m[K
gmake[2]: *** [CMakeFiles/image_tools.dir/build.make:90: CMakeFiles/image_tools.dir/src/cam2image.cpp.o] Error 1
gmake[1]: *** [CMakeFiles/Makefile2:141: CMakeFiles/image_tools.dir/all] Error 2
gmake: *** [Makefile:146: all] Error 2
