[0.116s] Invoking command in '/home/worm7/worms_mech_ws/build/image_tools': CMAKE_PREFIX_PATH=/home/worm7/worms_mech_ws/install/image_tools:/home/worm7/worms_ws/install/worms_interfaces:/home/worm7/worms_ws/install/tracetools_image_pipeline:/home/worm7/worms_ws/install/opencv_cam:/home/worm7/worms_ws/install/ros2_shared:/home/worm7/worms_ws/install/motor_debug:/home/worm7/worms_ws/install/walking_gait_sync:/home/worm7/worms_ws/install/startup:/home/worm7/worms_ws/install/py_srvcli:/home/worm7/worms_ws/install/py_pubsub:/home/worm7/worms_ws/install/motor_readout:/home/worm7/worms_ws/install/heart_beat_pub:/home/worm7/worms_ws/install/camera_calibration:/opt/ros/humble:/home/worm7/worms_ws/install/image_transport:/home/worm7/worms_ws/install/camera_info_manager:/home/worm7/worms_ws/install/camera_calibration_parsers /usr/bin/cmake --build /home/worm7/worms_mech_ws/build/image_tools -- -j4 -l4
[0.795s] [35m[1mConsolidate compiler generated dependencies of target image_tools[0m
[1.015s] [ 22%] Built target showimage
[1.018s] [ 44%] Built target cam2image
[1.027s] [ 55%] [32mBuilding CXX object CMakeFiles/image_tools.dir/src/cam2image.cpp.o[0m
[15.396s] [01m[K/home/worm7/worms_mech_ws/src/image_tools/src/cam2image.cpp:[m[K In constructor â€˜[01m[Kimage_tools::Cam2Image::Cam2Image(const rclcpp::NodeOptions&)[m[Kâ€™:
[15.398s] [01m[K/home/worm7/worms_mech_ws/src/image_tools/src/cam2image.cpp:57:9:[m[K [01;31m[Kerror: [m[Kâ€˜[01m[Khelp[m[Kâ€™ was not declared in this scope
[15.398s]    57 |     if ([01;31m[Khelp[m[K(options.arguments())) {
[15.399s]       |         [01;31m[K^~~~[m[K
[15.509s] [01m[K/home/worm7/worms_mech_ws/src/image_tools/src/cam2image.cpp:[m[K In function â€˜[01m[Kint main(int, char**)[m[Kâ€™:
[15.510s] [01m[K/home/worm7/worms_mech_ws/src/image_tools/src/cam2image.cpp:285:33:[m[K [01;31m[Kerror: [m[Kâ€˜[01m[KCam2Image[m[Kâ€™ was not declared in this scope; did you mean â€˜[01m[Kimage_tools::Cam2Image[m[Kâ€™?
[15.511s]   285 |   rclcpp::spin(std::make_shared<[01;31m[KCam2Image[m[K>());
[15.511s]       |                                 [01;31m[K^~~~~~~~~[m[K
[15.512s]       |                                 [32m[Kimage_tools::Cam2Image[m[K
[15.512s] [01m[K/home/worm7/worms_mech_ws/src/image_tools/src/cam2image.cpp:44:7:[m[K [01;36m[Knote: [m[Kâ€˜[01m[Kimage_tools::Cam2Image[m[Kâ€™ declared here
[15.513s]    44 | class [01;36m[KCam2Image[m[K : public rclcpp::Node
[15.513s]       |       [01;36m[K^~~~~~~~~[m[K
[15.513s] [01m[K/home/worm7/worms_mech_ws/src/image_tools/src/cam2image.cpp:285:43:[m[K [01;31m[Kerror: [m[Kno matching function for call to â€˜[01m[Kmake_shared<<expression error> >()[m[Kâ€™
[15.514s]   285 |   rclcpp::spin([01;31m[Kstd::make_shared<Cam2Image>()[m[K);
[15.514s]       |                [01;31m[K~~~~~~~~~~~~~~~~~~~~~~~~~~~^~[m[K
[15.515s] In file included from [01m[K/usr/include/c++/11/memory:77[m[K,
[15.515s]                  from [01m[K/home/worm7/worms_mech_ws/src/image_tools/src/cam2image.cpp:16[m[K:
[15.516s] [01m[K/usr/include/c++/11/bits/shared_ptr.h:875:5:[m[K [01;36m[Knote: [m[Kcandidate: â€˜[01m[Ktemplate<class _Tp, class ... _Args> std::shared_ptr<_Tp> std::make_shared(_Args&& ...)[m[Kâ€™
[15.516s]   875 |     [01;36m[Kmake_shared[m[K(_Args&&... __args)
[15.517s]       |     [01;36m[K^~~~~~~~~~~[m[K
[15.517s] [01m[K/usr/include/c++/11/bits/shared_ptr.h:875:5:[m[K [01;36m[Knote: [m[K  template argument deduction/substitution failed:
[15.517s] [01m[K/home/worm7/worms_mech_ws/src/image_tools/src/cam2image.cpp:285:43:[m[K [01;31m[Kerror: [m[Ktemplate argument 1 is invalid
[15.518s]   285 |   rclcpp::spin([01;31m[Kstd::make_shared<Cam2Image>()[m[K);
[15.518s]       |                [01;31m[K~~~~~~~~~~~~~~~~~~~~~~~~~~~^~[m[K
[24.738s] gmake[2]: *** [CMakeFiles/image_tools.dir/build.make:90: CMakeFiles/image_tools.dir/src/cam2image.cpp.o] Error 1
[24.739s] gmake[1]: *** [CMakeFiles/Makefile2:141: CMakeFiles/image_tools.dir/all] Error 2
[24.740s] gmake: *** [Makefile:146: all] Error 2
[24.763s] Invoked command in '/home/worm7/worms_mech_ws/build/image_tools' returned '2': CMAKE_PREFIX_PATH=/home/worm7/worms_mech_ws/install/image_tools:/home/worm7/worms_ws/install/worms_interfaces:/home/worm7/worms_ws/install/tracetools_image_pipeline:/home/worm7/worms_ws/install/opencv_cam:/home/worm7/worms_ws/install/ros2_shared:/home/worm7/worms_ws/install/motor_debug:/home/worm7/worms_ws/install/walking_gait_sync:/home/worm7/worms_ws/install/startup:/home/worm7/worms_ws/install/py_srvcli:/home/worm7/worms_ws/install/py_pubsub:/home/worm7/worms_ws/install/motor_readout:/home/worm7/worms_ws/install/heart_beat_pub:/home/worm7/worms_ws/install/camera_calibration:/opt/ros/humble:/home/worm7/worms_ws/install/image_transport:/home/worm7/worms_ws/install/camera_info_manager:/home/worm7/worms_ws/install/camera_calibration_parsers /usr/bin/cmake --build /home/worm7/worms_mech_ws/build/image_tools -- -j4 -l4
